Flagged memory/2026-03-19.md in /home/qtxit/.openclaw-eighteen/workspace/system/facts_pending_review.md
[2026-03-20 00:00:28] INGEST No memory file for 2026-03-20, skipping thea daily ingest
[2026-03-20 00:00:28] INGEST Total ingested this run: 0 chunks
[2026-03-20 00:00:28] INGEST Score decay failed (non-fatal): cannot convert float NaN to integer
Flagged memory/2026-03-20.md in /home/qtxit/.openclaw-eighteen/workspace/system/facts_pending_review.md
[2026-03-21 00:00:31] INGEST No memory file for 2026-03-21, skipping thea daily ingest
[2026-03-21 00:00:31] INGEST Total ingested this run: 0 chunks
[2026-03-21 00:00:31] INGEST Score decay failed (non-fatal): Table 'hybrid_facts' was not found
[2026-03-22 00:00:36] INGEST No memory file for 2026-03-22, skipping thea daily ingest
[2026-03-22 00:00:36] INGEST Total ingested this run: 0 chunks
[2026-03-23 00:00:30] INGEST No memory file for 2026-03-23, skipping thea daily ingest
[2026-03-23 00:00:30] INGEST Total ingested this run: 0 chunks
[2026-03-23 00:00:31] INGEST Score decay failed (non-fatal): cannot convert float NaN to integer
[2026-03-24 00:00:33] INGEST No memory file for 2026-03-24, skipping thea daily ingest
[2026-03-24 00:00:33] INGEST Total ingested this run: 0 chunks
[2026-03-24 00:00:34] INGEST Score decay failed (non-fatal): cannot convert float NaN to integer
[2026-03-25 00:00:42] INGEST No memory file for 2026-03-25, skipping thea daily ingest
[2026-03-25 00:00:42] INGEST Total ingested this run: 0 chunks
[2026-03-25 00:00:43] INGEST Score decay failed (non-fatal): cannot convert float NaN to integer
[2026-03-26 00:00:33] INGEST No memory file for 2026-03-26, skipping thea daily ingest
[2026-03-26 00:00:33] INGEST Total ingested this run: 0 chunks
[2026-03-26 00:00:33] INGEST Score decay failed (non-fatal): cannot convert float NaN to integer
[2026-03-27 00:04:15] INGEST No memory file for 2026-03-27, skipping thea daily ingest
[2026-03-27 00:04:15] INGEST Total ingested this run: 0 chunks
[2026-03-27 00:04:16] INGEST Score decay failed (non-fatal): cannot convert float NaN to integer
[2026-03-28 00:00:36] INGEST No memory file for 2026-03-28, skipping thea daily ingest
[2026-03-28 00:00:36] INGEST Total ingested this run: 0 chunks
[2026-03-29 00:00:38] INGEST No memory file for 2026-03-29, skipping thea daily ingest
[2026-03-29 00:00:39] INGEST Total ingested this run: 0 chunks
[2026-03-29 00:00:39] INGEST Score decay failed (non-fatal): cannot convert float NaN to integer
[2026-03-30 00:00:33] INGEST No memory file for 2026-03-30, skipping thea daily ingest
[2026-03-30 00:00:33] INGEST Total ingested this run: 0 chunks
[2026-03-31 00:00:36] INGEST No memory file for 2026-03-31, skipping thea daily ingest
[2026-03-31 00:00:36] INGEST Total ingested this run: 0 chunks
[2026-04-01 00:00:28] INGEST No memory file for 2026-04-01, skipping thea daily ingest
[2026-04-01 00:00:28] INGEST Total ingested this run: 0 chunks
[2026-04-01 00:00:29] INGEST Score decay failed (non-fatal): cannot convert float NaN to integer
[2026-04-02 00:00:35] INGEST No memory file for 2026-04-02, skipping thea daily ingest
[2026-04-02 00:00:35] INGEST Total ingested this run: 0 chunks
[2026-04-02 00:00:35] INGEST Score decay failed (non-fatal): cannot convert float NaN to integer
[2026-04-03 00:00:39] INGEST No memory file for 2026-04-03, skipping thea daily ingest
[2026-04-03 00:00:39] INGEST Total ingested this run: 0 chunks
[2026-04-03 00:00:39] INGEST Score decay failed (non-fatal): cannot convert float NaN to integer
[2026-04-04 00:00:45] INGEST No memory file for 2026-04-04, skipping thea daily ingest
[2026-04-04 00:00:45] INGEST Total ingested this run: 0 chunks
[2026-04-05 00:00:49] INGEST No memory file for 2026-04-05, skipping thea daily ingest
[2026-04-05 00:00:49] INGEST Total ingested this run: 0 chunks
[2026-04-05 00:00:49] INGEST Score decay failed (non-fatal): cannot convert float NaN to integer
[2026-04-06 00:00:39] INGEST No memory file for 2026-04-06, skipping thea daily ingest
[2026-04-06 00:00:39] INGEST Total ingested this run: 0 chunks
[2026-04-07 00:00:38] INGEST No memory file for 2026-04-07, skipping thea daily ingest
[2026-04-07 00:00:38] INGEST Total ingested this run: 0 chunks
[2026-04-07 00:00:38] INGEST Score decay failed (non-fatal): cannot convert float NaN to integer
[2026-04-08 00:00:38] INGEST No memory file for 2026-04-08, skipping thea daily ingest
[2026-04-08 00:00:38] INGEST Total ingested this run: 0 chunks
[2026-04-08 00:00:39] INGEST Score decay failed (non-fatal): cannot convert float NaN to integer
[2026-04-09 00:00:38] INGEST No memory file for 2026-04-09, skipping thea daily ingest
[2026-04-09 00:00:38] INGEST Total ingested this run: 0 chunks
[2026-04-09 00:00:38] INGEST Score decay failed (non-fatal): cannot convert float NaN to integer
[2026-04-10 00:00:40] INGEST No memory file for 2026-04-10, skipping thea daily ingest
[2026-04-10 00:00:40] INGEST Total ingested this run: 0 chunks
